{"D:\\CS\\- Projects\\Work Projects\\Deltatre Application Assignment\\Frontend\\src\\components\\NewProductForm\\NewProductForm.js": {"path":"D:\\CS\\- Projects\\Work Projects\\Deltatre Application Assignment\\Frontend\\src\\components\\NewProductForm\\NewProductForm.js","statementMap":{"0":{"start":{"line":7,"column":18},"end":{"line":33,"column":3}},"1":{"start":{"line":7,"column":41},"end":{"line":33,"column":1}},"2":{"start":{"line":36,"column":16},"end":{"line":130,"column":1}},"3":{"start":{"line":37,"column":34},"end":{"line":37,"column":87}},"4":{"start":{"line":38,"column":38},"end":{"line":38,"column":53}},"5":{"start":{"line":39,"column":19},"end":{"line":39,"column":30}},"6":{"start":{"line":41,"column":29},"end":{"line":41,"column":90}},"7":{"start":{"line":41,"column":38},"end":{"line":41,"column":90}},"8":{"start":{"line":42,"column":36},"end":{"line":42,"column":104}},"9":{"start":{"line":42,"column":45},"end":{"line":42,"column":104}},"10":{"start":{"line":43,"column":33},"end":{"line":43,"column":98}},"11":{"start":{"line":43,"column":42},"end":{"line":43,"column":98}},"12":{"start":{"line":46,"column":23},"end":{"line":57,"column":5}},"13":{"start":{"line":47,"column":8},"end":{"line":47,"column":30}},"14":{"start":{"line":48,"column":8},"end":{"line":56,"column":9}},"15":{"start":{"line":48,"column":32},"end":{"line":48,"column":86}},"16":{"start":{"line":49,"column":12},"end":{"line":49,"column":37}},"17":{"start":{"line":50,"column":12},"end":{"line":50,"column":69}},"18":{"start":{"line":52,"column":12},"end":{"line":52,"column":30}},"19":{"start":{"line":53,"column":12},"end":{"line":55,"column":20}},"20":{"start":{"line":54,"column":16},"end":{"line":54,"column":35}},"21":{"start":{"line":59,"column":4},"end":{"line":129,"column":5}},"22":{"start":{"line":132,"column":0},"end":{"line":134,"column":1}}},"fnMap":{"0":{"name":"(anonymous_0)","decl":{"start":{"line":7,"column":29},"end":{"line":7,"column":30}},"loc":{"start":{"line":7,"column":41},"end":{"line":33,"column":1}},"line":7},"1":{"name":"(anonymous_1)","decl":{"start":{"line":36,"column":16},"end":{"line":36,"column":17}},"loc":{"start":{"line":36,"column":45},"end":{"line":130,"column":1}},"line":36},"2":{"name":"(anonymous_2)","decl":{"start":{"line":41,"column":29},"end":{"line":41,"column":30}},"loc":{"start":{"line":41,"column":38},"end":{"line":41,"column":90}},"line":41},"3":{"name":"(anonymous_3)","decl":{"start":{"line":42,"column":36},"end":{"line":42,"column":37}},"loc":{"start":{"line":42,"column":45},"end":{"line":42,"column":104}},"line":42},"4":{"name":"(anonymous_4)","decl":{"start":{"line":43,"column":33},"end":{"line":43,"column":34}},"loc":{"start":{"line":43,"column":42},"end":{"line":43,"column":98}},"line":43},"5":{"name":"(anonymous_5)","decl":{"start":{"line":46,"column":23},"end":{"line":46,"column":24}},"loc":{"start":{"line":46,"column":32},"end":{"line":57,"column":5}},"line":46},"6":{"name":"(anonymous_6)","decl":{"start":{"line":48,"column":27},"end":{"line":48,"column":28}},"loc":{"start":{"line":48,"column":32},"end":{"line":48,"column":86}},"line":48},"7":{"name":"(anonymous_7)","decl":{"start":{"line":53,"column":23},"end":{"line":53,"column":24}},"loc":{"start":{"line":53,"column":29},"end":{"line":55,"column":13}},"line":53}},"branchMap":{"0":{"loc":{"start":{"line":48,"column":8},"end":{"line":56,"column":9}},"type":"if","locations":[{"start":{"line":48,"column":8},"end":{"line":56,"column":9}},{"start":{"line":48,"column":8},"end":{"line":56,"column":9}}],"line":48},"1":{"loc":{"start":{"line":64,"column":25},"end":{"line":64,"column":78}},"type":"cond-expr","locations":[{"start":{"line":64,"column":37},"end":{"line":64,"column":71}},{"start":{"line":64,"column":74},"end":{"line":64,"column":78}}],"line":64}},"s":{"0":1,"1":3,"2":1,"3":6,"4":6,"5":6,"6":6,"7":1,"8":6,"9":1,"10":6,"11":1,"12":6,"13":0,"14":0,"15":0,"16":0,"17":0,"18":0,"19":0,"20":0,"21":6,"22":1},"f":{"0":3,"1":6,"2":1,"3":1,"4":1,"5":0,"6":0,"7":0},"b":{"0":[0,0],"1":[0,6]},"_coverageSchema":"1a1c01bbd47fc00a2c39e90264f33305004495a9","hash":"facf59cff480b45a52d06f36077ad10bfeedbaf7"}
,"D:\\CS\\- Projects\\Work Projects\\Deltatre Application Assignment\\Frontend\\src\\components\\Product\\Product.js": {"path":"D:\\CS\\- Projects\\Work Projects\\Deltatre Application Assignment\\Frontend\\src\\components\\Product\\Product.js","statementMap":{"0":{"start":{"line":7,"column":18},"end":{"line":36,"column":3}},"1":{"start":{"line":7,"column":41},"end":{"line":36,"column":1}},"2":{"start":{"line":39,"column":20},"end":{"line":49,"column":1}},"3":{"start":{"line":40,"column":4},"end":{"line":48,"column":5}},"4":{"start":{"line":52,"column":16},"end":{"line":103,"column":1}},"5":{"start":{"line":53,"column":42},"end":{"line":53,"column":57}},"6":{"start":{"line":54,"column":19},"end":{"line":54,"column":30}},"7":{"start":{"line":57,"column":26},"end":{"line":62,"column":5}},"8":{"start":{"line":58,"column":8},"end":{"line":58,"column":28}},"9":{"start":{"line":59,"column":8},"end":{"line":61,"column":16}},"10":{"start":{"line":60,"column":12},"end":{"line":60,"column":33}},"11":{"start":{"line":64,"column":4},"end":{"line":102,"column":22}},"12":{"start":{"line":65,"column":8},"end":{"line":101,"column":9}},"13":{"start":{"line":91,"column":28},"end":{"line":95,"column":29}},"14":{"start":{"line":91,"column":46},"end":{"line":91,"column":61}},"15":{"start":{"line":93,"column":32},"end":{"line":93,"column":63}},"16":{"start":{"line":94,"column":32},"end":{"line":94,"column":53}},"17":{"start":{"line":102,"column":11},"end":{"line":102,"column":22}}},"fnMap":{"0":{"name":"(anonymous_0)","decl":{"start":{"line":7,"column":29},"end":{"line":7,"column":30}},"loc":{"start":{"line":7,"column":41},"end":{"line":36,"column":1}},"line":7},"1":{"name":"(anonymous_1)","decl":{"start":{"line":39,"column":20},"end":{"line":39,"column":21}},"loc":{"start":{"line":39,"column":41},"end":{"line":49,"column":1}},"line":39},"2":{"name":"(anonymous_2)","decl":{"start":{"line":52,"column":16},"end":{"line":52,"column":17}},"loc":{"start":{"line":52,"column":47},"end":{"line":103,"column":1}},"line":52},"3":{"name":"(anonymous_3)","decl":{"start":{"line":57,"column":26},"end":{"line":57,"column":27}},"loc":{"start":{"line":57,"column":32},"end":{"line":62,"column":5}},"line":57},"4":{"name":"(anonymous_4)","decl":{"start":{"line":59,"column":19},"end":{"line":59,"column":20}},"loc":{"start":{"line":59,"column":25},"end":{"line":61,"column":9}},"line":59},"5":{"name":"(anonymous_5)","decl":{"start":{"line":90,"column":33},"end":{"line":90,"column":34}},"loc":{"start":{"line":90,"column":44},"end":{"line":96,"column":25}},"line":90}},"branchMap":{"0":{"loc":{"start":{"line":43,"column":16},"end":{"line":45,"column":23}},"type":"cond-expr","locations":[{"start":{"line":44,"column":18},"end":{"line":44,"column":65}},{"start":{"line":45,"column":18},"end":{"line":45,"column":23}}],"line":43},"1":{"loc":{"start":{"line":64,"column":4},"end":{"line":102,"column":22}},"type":"if","locations":[{"start":{"line":64,"column":4},"end":{"line":102,"column":22}},{"start":{"line":64,"column":4},"end":{"line":102,"column":22}}],"line":64},"2":{"loc":{"start":{"line":82,"column":25},"end":{"line":82,"column":61}},"type":"cond-expr","locations":[{"start":{"line":82,"column":39},"end":{"line":82,"column":54}},{"start":{"line":82,"column":57},"end":{"line":82,"column":61}}],"line":82},"3":{"loc":{"start":{"line":91,"column":28},"end":{"line":95,"column":29}},"type":"if","locations":[{"start":{"line":91,"column":28},"end":{"line":95,"column":29}},{"start":{"line":91,"column":28},"end":{"line":95,"column":29}}],"line":91}},"s":{"0":2,"1":4,"2":2,"3":22,"4":2,"5":11,"6":11,"7":11,"8":2,"9":2,"10":0,"11":11,"12":11,"13":3,"14":2,"15":1,"16":1,"17":0},"f":{"0":4,"1":22,"2":11,"3":2,"4":0,"5":3},"b":{"0":[11,11],"1":[11,0],"2":[2,9],"3":[2,1]},"_coverageSchema":"1a1c01bbd47fc00a2c39e90264f33305004495a9","hash":"0329193f53eb133432e0bacd9abdf4bd95c13aa7"}
,"D:\\CS\\- Projects\\Work Projects\\Deltatre Application Assignment\\Frontend\\src\\components\\ProductList\\ProductList.js": {"path":"D:\\CS\\- Projects\\Work Projects\\Deltatre Application Assignment\\Frontend\\src\\components\\ProductList\\ProductList.js","statementMap":{"0":{"start":{"line":8,"column":18},"end":{"line":13,"column":3}},"1":{"start":{"line":8,"column":41},"end":{"line":13,"column":1}},"2":{"start":{"line":16,"column":20},"end":{"line":38,"column":1}},"3":{"start":{"line":17,"column":19},"end":{"line":17,"column":30}},"4":{"start":{"line":19,"column":4},"end":{"line":37,"column":22}},"5":{"start":{"line":20,"column":8},"end":{"line":36,"column":9}},"6":{"start":{"line":24,"column":24},"end":{"line":32,"column":25}},"7":{"start":{"line":37,"column":11},"end":{"line":37,"column":22}}},"fnMap":{"0":{"name":"(anonymous_0)","decl":{"start":{"line":8,"column":29},"end":{"line":8,"column":30}},"loc":{"start":{"line":8,"column":41},"end":{"line":13,"column":1}},"line":8},"1":{"name":"(anonymous_1)","decl":{"start":{"line":16,"column":20},"end":{"line":16,"column":21}},"loc":{"start":{"line":16,"column":52},"end":{"line":38,"column":1}},"line":16},"2":{"name":"(anonymous_2)","decl":{"start":{"line":23,"column":34},"end":{"line":23,"column":35}},"loc":{"start":{"line":23,"column":45},"end":{"line":33,"column":21}},"line":23}},"branchMap":{"0":{"loc":{"start":{"line":19,"column":4},"end":{"line":37,"column":22}},"type":"if","locations":[{"start":{"line":19,"column":4},"end":{"line":37,"column":22}},{"start":{"line":19,"column":4},"end":{"line":37,"column":22}}],"line":19}},"s":{"0":1,"1":1,"2":1,"3":1,"4":1,"5":1,"6":5,"7":0},"f":{"0":1,"1":1,"2":5},"b":{"0":[1,0]},"_coverageSchema":"1a1c01bbd47fc00a2c39e90264f33305004495a9","hash":"4003764f8117a5f1370a931eb5125c822b55a020"}
}
