{"D:\\CS\\- Projects\\Work Projects\\Deltatre Application Assignment\\Frontend\\src\\App.js": {"path":"D:\\CS\\- Projects\\Work Projects\\Deltatre Application Assignment\\Frontend\\src\\App.js","statementMap":{"0":{"start":{"line":13,"column":18},"end":{"line":88,"column":3}},"1":{"start":{"line":13,"column":41},"end":{"line":88,"column":1}},"2":{"start":{"line":90,"column":12},"end":{"line":221,"column":1}},"3":{"start":{"line":91,"column":34},"end":{"line":91,"column":70}},"4":{"start":{"line":92,"column":34},"end":{"line":92,"column":48}},"5":{"start":{"line":93,"column":36},"end":{"line":93,"column":46}},"6":{"start":{"line":94,"column":32},"end":{"line":94,"column":44}},"7":{"start":{"line":95,"column":19},"end":{"line":95,"column":30}},"8":{"start":{"line":97,"column":19},"end":{"line":97,"column":115}},"9":{"start":{"line":97,"column":57},"end":{"line":97,"column":114}},"10":{"start":{"line":100,"column":4},"end":{"line":132,"column":17}},"11":{"start":{"line":101,"column":24},"end":{"line":129,"column":9}},"12":{"start":{"line":102,"column":12},"end":{"line":126,"column":50}},"13":{"start":{"line":104,"column":37},"end":{"line":104,"column":73}},"14":{"start":{"line":108,"column":16},"end":{"line":125,"column":17}},"15":{"start":{"line":109,"column":40},"end":{"line":109,"column":59}},"16":{"start":{"line":114,"column":20},"end":{"line":117,"column":22}},"17":{"start":{"line":118,"column":20},"end":{"line":118,"column":37}},"18":{"start":{"line":124,"column":20},"end":{"line":124,"column":82}},"19":{"start":{"line":126,"column":30},"end":{"line":126,"column":48}},"20":{"start":{"line":128,"column":12},"end":{"line":128,"column":42}},"21":{"start":{"line":128,"column":25},"end":{"line":128,"column":42}},"22":{"start":{"line":131,"column":8},"end":{"line":131,"column":17}},"23":{"start":{"line":134,"column":27},"end":{"line":134,"column":58}},"24":{"start":{"line":134,"column":38},"end":{"line":134,"column":58}},"25":{"start":{"line":136,"column":25},"end":{"line":136,"column":63}},"26":{"start":{"line":136,"column":34},"end":{"line":136,"column":63}},"27":{"start":{"line":139,"column":22},"end":{"line":146,"column":5}},"28":{"start":{"line":140,"column":8},"end":{"line":145,"column":39}},"29":{"start":{"line":143,"column":16},"end":{"line":143,"column":74}},"30":{"start":{"line":145,"column":24},"end":{"line":145,"column":38}},"31":{"start":{"line":149,"column":25},"end":{"line":157,"column":5}},"32":{"start":{"line":150,"column":8},"end":{"line":150,"column":30}},"33":{"start":{"line":151,"column":8},"end":{"line":156,"column":39}},"34":{"start":{"line":154,"column":16},"end":{"line":154,"column":74}},"35":{"start":{"line":156,"column":24},"end":{"line":156,"column":38}},"36":{"start":{"line":159,"column":4},"end":{"line":220,"column":84}},"37":{"start":{"line":160,"column":8},"end":{"line":219,"column":9}},"38":{"start":{"line":170,"column":32},"end":{"line":171,"column":57}},"39":{"start":{"line":170,"column":46},"end":{"line":170,"column":67}},"40":{"start":{"line":171,"column":37},"end":{"line":171,"column":57}},"41":{"start":{"line":220,"column":11},"end":{"line":220,"column":84}}},"fnMap":{"0":{"name":"(anonymous_0)","decl":{"start":{"line":13,"column":29},"end":{"line":13,"column":30}},"loc":{"start":{"line":13,"column":41},"end":{"line":88,"column":1}},"line":13},"1":{"name":"(anonymous_1)","decl":{"start":{"line":90,"column":12},"end":{"line":90,"column":13}},"loc":{"start":{"line":90,"column":18},"end":{"line":221,"column":1}},"line":90},"2":{"name":"(anonymous_2)","decl":{"start":{"line":97,"column":46},"end":{"line":97,"column":47}},"loc":{"start":{"line":97,"column":57},"end":{"line":97,"column":114}},"line":97},"3":{"name":"(anonymous_3)","decl":{"start":{"line":100,"column":14},"end":{"line":100,"column":15}},"loc":{"start":{"line":100,"column":20},"end":{"line":132,"column":5}},"line":100},"4":{"name":"(anonymous_4)","decl":{"start":{"line":101,"column":24},"end":{"line":101,"column":25}},"loc":{"start":{"line":101,"column":36},"end":{"line":129,"column":9}},"line":101},"5":{"name":"(anonymous_5)","decl":{"start":{"line":134,"column":27},"end":{"line":134,"column":28}},"loc":{"start":{"line":134,"column":38},"end":{"line":134,"column":58}},"line":134},"6":{"name":"(anonymous_6)","decl":{"start":{"line":136,"column":25},"end":{"line":136,"column":26}},"loc":{"start":{"line":136,"column":34},"end":{"line":136,"column":63}},"line":136},"7":{"name":"(anonymous_7)","decl":{"start":{"line":139,"column":22},"end":{"line":139,"column":23}},"loc":{"start":{"line":139,"column":36},"end":{"line":146,"column":5}},"line":139},"8":{"name":"(anonymous_8)","decl":{"start":{"line":141,"column":18},"end":{"line":141,"column":19}},"loc":{"start":{"line":141,"column":30},"end":{"line":144,"column":13}},"line":141},"9":{"name":"(anonymous_9)","decl":{"start":{"line":145,"column":19},"end":{"line":145,"column":20}},"loc":{"start":{"line":145,"column":24},"end":{"line":145,"column":38}},"line":145},"10":{"name":"(anonymous_10)","decl":{"start":{"line":149,"column":25},"end":{"line":149,"column":26}},"loc":{"start":{"line":149,"column":40},"end":{"line":157,"column":5}},"line":149},"11":{"name":"(anonymous_11)","decl":{"start":{"line":152,"column":18},"end":{"line":152,"column":19}},"loc":{"start":{"line":152,"column":30},"end":{"line":155,"column":13}},"line":152},"12":{"name":"(anonymous_12)","decl":{"start":{"line":156,"column":19},"end":{"line":156,"column":20}},"loc":{"start":{"line":156,"column":24},"end":{"line":156,"column":38}},"line":156},"13":{"name":"(anonymous_13)","decl":{"start":{"line":169,"column":37},"end":{"line":169,"column":38}},"loc":{"start":{"line":169,"column":43},"end":{"line":172,"column":29}},"line":169}},"branchMap":{"0":{"loc":{"start":{"line":108,"column":16},"end":{"line":125,"column":17}},"type":"if","locations":[{"start":{"line":108,"column":16},"end":{"line":125,"column":17}},{"start":{"line":108,"column":16},"end":{"line":125,"column":17}}],"line":108},"1":{"loc":{"start":{"line":128,"column":12},"end":{"line":128,"column":42}},"type":"if","locations":[{"start":{"line":128,"column":12},"end":{"line":128,"column":42}},{"start":{"line":128,"column":12},"end":{"line":128,"column":42}}],"line":128},"2":{"loc":{"start":{"line":159,"column":4},"end":{"line":220,"column":84}},"type":"if","locations":[{"start":{"line":159,"column":4},"end":{"line":220,"column":84}},{"start":{"line":159,"column":4},"end":{"line":220,"column":84}}],"line":159},"3":{"loc":{"start":{"line":170,"column":32},"end":{"line":171,"column":57}},"type":"if","locations":[{"start":{"line":170,"column":32},"end":{"line":171,"column":57}},{"start":{"line":170,"column":32},"end":{"line":171,"column":57}}],"line":170},"4":{"loc":{"start":{"line":174,"column":29},"end":{"line":178,"column":46}},"type":"cond-expr","locations":[{"start":{"line":176,"column":32},"end":{"line":176,"column":43}},{"start":{"line":178,"column":32},"end":{"line":178,"column":46}}],"line":174},"5":{"loc":{"start":{"line":183,"column":25},"end":{"line":191,"column":41}},"type":"cond-expr","locations":[{"start":{"line":185,"column":28},"end":{"line":187,"column":41}},{"start":{"line":189,"column":28},"end":{"line":191,"column":41}}],"line":183},"6":{"loc":{"start":{"line":210,"column":17},"end":{"line":210,"column":89}},"type":"binary-expr","locations":[{"start":{"line":210,"column":17},"end":{"line":210,"column":25}},{"start":{"line":210,"column":29},"end":{"line":210,"column":89}}],"line":210},"7":{"loc":{"start":{"line":212,"column":17},"end":{"line":216,"column":22}},"type":"binary-expr","locations":[{"start":{"line":212,"column":17},"end":{"line":212,"column":36}},{"start":{"line":213,"column":20},"end":{"line":216,"column":22}}],"line":212}},"s":{"0":0,"1":0,"2":0,"3":0,"4":0,"5":0,"6":0,"7":0,"8":0,"9":0,"10":0,"11":0,"12":0,"13":0,"14":0,"15":0,"16":0,"17":0,"18":0,"19":0,"20":0,"21":0,"22":0,"23":0,"24":0,"25":0,"26":0,"27":0,"28":0,"29":0,"30":0,"31":0,"32":0,"33":0,"34":0,"35":0,"36":0,"37":0,"38":0,"39":0,"40":0,"41":0},"f":{"0":0,"1":0,"2":0,"3":0,"4":0,"5":0,"6":0,"7":0,"8":0,"9":0,"10":0,"11":0,"12":0,"13":0},"b":{"0":[0,0],"1":[0,0],"2":[0,0],"3":[0,0],"4":[0,0],"5":[0,0],"6":[0,0],"7":[0,0]}}
,"D:\\CS\\- Projects\\Work Projects\\Deltatre Application Assignment\\Frontend\\src\\components\\NewProductForm\\new_product_form.js": {"path":"D:\\CS\\- Projects\\Work Projects\\Deltatre Application Assignment\\Frontend\\src\\components\\NewProductForm\\new_product_form.js","statementMap":{"0":{"start":{"line":7,"column":18},"end":{"line":33,"column":3}},"1":{"start":{"line":7,"column":41},"end":{"line":33,"column":1}},"2":{"start":{"line":36,"column":16},"end":{"line":130,"column":1}},"3":{"start":{"line":37,"column":34},"end":{"line":37,"column":87}},"4":{"start":{"line":38,"column":38},"end":{"line":38,"column":53}},"5":{"start":{"line":39,"column":19},"end":{"line":39,"column":30}},"6":{"start":{"line":41,"column":29},"end":{"line":41,"column":90}},"7":{"start":{"line":41,"column":38},"end":{"line":41,"column":90}},"8":{"start":{"line":42,"column":36},"end":{"line":42,"column":104}},"9":{"start":{"line":42,"column":45},"end":{"line":42,"column":104}},"10":{"start":{"line":43,"column":33},"end":{"line":43,"column":98}},"11":{"start":{"line":43,"column":42},"end":{"line":43,"column":98}},"12":{"start":{"line":46,"column":23},"end":{"line":57,"column":5}},"13":{"start":{"line":47,"column":8},"end":{"line":47,"column":30}},"14":{"start":{"line":48,"column":8},"end":{"line":56,"column":9}},"15":{"start":{"line":48,"column":32},"end":{"line":48,"column":86}},"16":{"start":{"line":49,"column":12},"end":{"line":49,"column":37}},"17":{"start":{"line":50,"column":12},"end":{"line":50,"column":69}},"18":{"start":{"line":52,"column":12},"end":{"line":52,"column":30}},"19":{"start":{"line":53,"column":12},"end":{"line":55,"column":20}},"20":{"start":{"line":54,"column":16},"end":{"line":54,"column":35}},"21":{"start":{"line":59,"column":4},"end":{"line":129,"column":5}},"22":{"start":{"line":132,"column":0},"end":{"line":134,"column":1}}},"fnMap":{"0":{"name":"(anonymous_0)","decl":{"start":{"line":7,"column":29},"end":{"line":7,"column":30}},"loc":{"start":{"line":7,"column":41},"end":{"line":33,"column":1}},"line":7},"1":{"name":"(anonymous_1)","decl":{"start":{"line":36,"column":16},"end":{"line":36,"column":17}},"loc":{"start":{"line":36,"column":45},"end":{"line":130,"column":1}},"line":36},"2":{"name":"(anonymous_2)","decl":{"start":{"line":41,"column":29},"end":{"line":41,"column":30}},"loc":{"start":{"line":41,"column":38},"end":{"line":41,"column":90}},"line":41},"3":{"name":"(anonymous_3)","decl":{"start":{"line":42,"column":36},"end":{"line":42,"column":37}},"loc":{"start":{"line":42,"column":45},"end":{"line":42,"column":104}},"line":42},"4":{"name":"(anonymous_4)","decl":{"start":{"line":43,"column":33},"end":{"line":43,"column":34}},"loc":{"start":{"line":43,"column":42},"end":{"line":43,"column":98}},"line":43},"5":{"name":"(anonymous_5)","decl":{"start":{"line":46,"column":23},"end":{"line":46,"column":24}},"loc":{"start":{"line":46,"column":32},"end":{"line":57,"column":5}},"line":46},"6":{"name":"(anonymous_6)","decl":{"start":{"line":48,"column":27},"end":{"line":48,"column":28}},"loc":{"start":{"line":48,"column":32},"end":{"line":48,"column":86}},"line":48},"7":{"name":"(anonymous_7)","decl":{"start":{"line":53,"column":23},"end":{"line":53,"column":24}},"loc":{"start":{"line":53,"column":29},"end":{"line":55,"column":13}},"line":53}},"branchMap":{"0":{"loc":{"start":{"line":48,"column":8},"end":{"line":56,"column":9}},"type":"if","locations":[{"start":{"line":48,"column":8},"end":{"line":56,"column":9}},{"start":{"line":48,"column":8},"end":{"line":56,"column":9}}],"line":48},"1":{"loc":{"start":{"line":64,"column":25},"end":{"line":64,"column":78}},"type":"cond-expr","locations":[{"start":{"line":64,"column":37},"end":{"line":64,"column":71}},{"start":{"line":64,"column":74},"end":{"line":64,"column":78}}],"line":64}},"s":{"0":1,"1":3,"2":1,"3":6,"4":6,"5":6,"6":6,"7":1,"8":6,"9":1,"10":6,"11":1,"12":6,"13":0,"14":0,"15":0,"16":0,"17":0,"18":0,"19":0,"20":0,"21":6,"22":1},"f":{"0":3,"1":6,"2":1,"3":1,"4":1,"5":0,"6":0,"7":0},"b":{"0":[0,0],"1":[0,6]},"_coverageSchema":"1a1c01bbd47fc00a2c39e90264f33305004495a9","hash":"eac4ddca4426df105a8110f122559f2750b9a709"}
,"D:\\CS\\- Projects\\Work Projects\\Deltatre Application Assignment\\Frontend\\src\\components\\ProductList\\product_list.js": {"path":"D:\\CS\\- Projects\\Work Projects\\Deltatre Application Assignment\\Frontend\\src\\components\\ProductList\\product_list.js","statementMap":{"0":{"start":{"line":8,"column":18},"end":{"line":13,"column":3}},"1":{"start":{"line":8,"column":41},"end":{"line":13,"column":1}},"2":{"start":{"line":16,"column":20},"end":{"line":38,"column":1}},"3":{"start":{"line":17,"column":19},"end":{"line":17,"column":30}},"4":{"start":{"line":19,"column":4},"end":{"line":37,"column":22}},"5":{"start":{"line":20,"column":8},"end":{"line":36,"column":9}},"6":{"start":{"line":24,"column":24},"end":{"line":32,"column":25}},"7":{"start":{"line":37,"column":11},"end":{"line":37,"column":22}}},"fnMap":{"0":{"name":"(anonymous_0)","decl":{"start":{"line":8,"column":29},"end":{"line":8,"column":30}},"loc":{"start":{"line":8,"column":41},"end":{"line":13,"column":1}},"line":8},"1":{"name":"(anonymous_1)","decl":{"start":{"line":16,"column":20},"end":{"line":16,"column":21}},"loc":{"start":{"line":16,"column":52},"end":{"line":38,"column":1}},"line":16},"2":{"name":"(anonymous_2)","decl":{"start":{"line":23,"column":34},"end":{"line":23,"column":35}},"loc":{"start":{"line":23,"column":45},"end":{"line":33,"column":21}},"line":23}},"branchMap":{"0":{"loc":{"start":{"line":19,"column":4},"end":{"line":37,"column":22}},"type":"if","locations":[{"start":{"line":19,"column":4},"end":{"line":37,"column":22}},{"start":{"line":19,"column":4},"end":{"line":37,"column":22}}],"line":19}},"s":{"0":1,"1":1,"2":1,"3":1,"4":1,"5":1,"6":5,"7":0},"f":{"0":1,"1":1,"2":5},"b":{"0":[1,0]},"_coverageSchema":"1a1c01bbd47fc00a2c39e90264f33305004495a9","hash":"063157e609ead9dd78eb51f3ad63be0d21d48028"}
,"D:\\CS\\- Projects\\Work Projects\\Deltatre Application Assignment\\Frontend\\src\\server\\product_list.js": {"path":"D:\\CS\\- Projects\\Work Projects\\Deltatre Application Assignment\\Frontend\\src\\server\\product_list.js","statementMap":{"0":{"start":{"line":2,"column":16},"end":{"line":2,"column":27}},"1":{"start":{"line":5,"column":0},"end":{"line":7,"column":1}},"2":{"start":{"line":6,"column":4},"end":{"line":6,"column":23}},"3":{"start":{"line":9,"column":22},"end":{"line":11,"column":31}},"4":{"start":{"line":9,"column":30},"end":{"line":11,"column":31}},"5":{"start":{"line":11,"column":22},"end":{"line":11,"column":30}},"6":{"start":{"line":14,"column":20},"end":{"line":14,"column":71}},"7":{"start":{"line":14,"column":26},"end":{"line":14,"column":71}},"8":{"start":{"line":14,"column":62},"end":{"line":14,"column":70}},"9":{"start":{"line":17,"column":19},"end":{"line":17,"column":91}},"10":{"start":{"line":17,"column":33},"end":{"line":17,"column":91}},"11":{"start":{"line":17,"column":82},"end":{"line":17,"column":90}},"12":{"start":{"line":20,"column":22},"end":{"line":20,"column":87}},"13":{"start":{"line":20,"column":28},"end":{"line":20,"column":87}},"14":{"start":{"line":20,"column":78},"end":{"line":20,"column":86}}},"fnMap":{"0":{"name":"(anonymous_0)","decl":{"start":{"line":5,"column":32},"end":{"line":5,"column":33}},"loc":{"start":{"line":5,"column":38},"end":{"line":7,"column":1}},"line":5},"1":{"name":"(anonymous_1)","decl":{"start":{"line":9,"column":22},"end":{"line":9,"column":23}},"loc":{"start":{"line":9,"column":30},"end":{"line":11,"column":31}},"line":9},"2":{"name":"(anonymous_2)","decl":{"start":{"line":11,"column":10},"end":{"line":11,"column":11}},"loc":{"start":{"line":11,"column":22},"end":{"line":11,"column":30}},"line":11},"3":{"name":"(anonymous_3)","decl":{"start":{"line":14,"column":20},"end":{"line":14,"column":21}},"loc":{"start":{"line":14,"column":26},"end":{"line":14,"column":71}},"line":14},"4":{"name":"(anonymous_4)","decl":{"start":{"line":14,"column":50},"end":{"line":14,"column":51}},"loc":{"start":{"line":14,"column":62},"end":{"line":14,"column":70}},"line":14},"5":{"name":"(anonymous_5)","decl":{"start":{"line":17,"column":19},"end":{"line":17,"column":20}},"loc":{"start":{"line":17,"column":33},"end":{"line":17,"column":91}},"line":17},"6":{"name":"(anonymous_6)","decl":{"start":{"line":17,"column":70},"end":{"line":17,"column":71}},"loc":{"start":{"line":17,"column":82},"end":{"line":17,"column":90}},"line":17},"7":{"name":"(anonymous_7)","decl":{"start":{"line":20,"column":22},"end":{"line":20,"column":23}},"loc":{"start":{"line":20,"column":28},"end":{"line":20,"column":87}},"line":20},"8":{"name":"(anonymous_8)","decl":{"start":{"line":20,"column":66},"end":{"line":20,"column":67}},"loc":{"start":{"line":20,"column":78},"end":{"line":20,"column":86}},"line":20}},"branchMap":{},"s":{"0":0,"1":0,"2":0,"3":0,"4":0,"5":0,"6":0,"7":0,"8":0,"9":0,"10":0,"11":0,"12":0,"13":0,"14":0},"f":{"0":0,"1":0,"2":0,"3":0,"4":0,"5":0,"6":0,"7":0,"8":0},"b":{}}
}
