TN:
SF:src\components\NewProductForm\NewProductForm.js
FN:7,(anonymous_0)
FN:36,(anonymous_1)
FN:41,(anonymous_2)
FN:42,(anonymous_3)
FN:43,(anonymous_4)
FN:46,(anonymous_5)
FN:48,(anonymous_6)
FN:53,(anonymous_7)
FNF:8
FNH:5
FNDA:3,(anonymous_0)
FNDA:6,(anonymous_1)
FNDA:1,(anonymous_2)
FNDA:1,(anonymous_3)
FNDA:1,(anonymous_4)
FNDA:0,(anonymous_5)
FNDA:0,(anonymous_6)
FNDA:0,(anonymous_7)
DA:7,3
DA:36,1
DA:37,6
DA:38,6
DA:39,6
DA:41,6
DA:42,6
DA:43,6
DA:46,6
DA:47,0
DA:48,0
DA:49,0
DA:50,0
DA:52,0
DA:53,0
DA:54,0
DA:59,6
DA:132,1
LF:18
LH:11
BRDA:48,0,0,0
BRDA:48,0,1,0
BRDA:64,1,0,0
BRDA:64,1,1,6
BRF:4
BRH:1
end_of_record
TN:
SF:src\components\Product\Product.js
FN:7,(anonymous_0)
FN:39,(anonymous_1)
FN:52,(anonymous_2)
FN:57,(anonymous_3)
FN:59,(anonymous_4)
FN:90,(anonymous_5)
FNF:6
FNH:5
FNDA:4,(anonymous_0)
FNDA:22,(anonymous_1)
FNDA:11,(anonymous_2)
FNDA:2,(anonymous_3)
FNDA:0,(anonymous_4)
FNDA:3,(anonymous_5)
DA:7,4
DA:39,2
DA:40,22
DA:52,2
DA:53,11
DA:54,11
DA:57,11
DA:58,2
DA:59,2
DA:60,0
DA:64,11
DA:65,11
DA:91,3
DA:93,1
DA:94,1
DA:102,0
LF:16
LH:14
BRDA:43,0,0,11
BRDA:43,0,1,11
BRDA:64,1,0,11
BRDA:64,1,1,0
BRDA:82,2,0,2
BRDA:82,2,1,9
BRDA:91,3,0,2
BRDA:91,3,1,1
BRF:8
BRH:7
end_of_record
TN:
SF:src\components\ProductList\ProductList.js
FN:8,(anonymous_0)
FN:16,(anonymous_1)
FN:23,(anonymous_2)
FNF:3
FNH:3
FNDA:1,(anonymous_0)
FNDA:1,(anonymous_1)
FNDA:5,(anonymous_2)
DA:8,1
DA:16,1
DA:17,1
DA:19,1
DA:20,1
DA:24,5
DA:37,0
LF:7
LH:6
BRDA:19,0,0,1
BRDA:19,0,1,0
BRF:2
BRH:1
end_of_record
